<?xml version="1.0" encoding="UTF-8"?>
<!-- Generated by org.testng.reporters.JUnitReportReporter -->
<testsuite hostname="LAPTOP-BIEJCLNB" failures="0" tests="1" name="testng.Autoitprgrm" time="0.063" errors="0" timestamp="2023-09-28T11:18:23 IST" skipped="0">
  <testcase classname="testng.Autoitprgrm" name="pdf" time="0.063"/>
</testsuite> <!-- testng.Autoitprgrm -->
