<?xml version="1.0" encoding="UTF-8"?>
<!-- Generated by org.testng.reporters.JUnitReportReporter -->
<testsuite hostname="LAPTOP-BIEJCLNB" failures="0" tests="1" name="testng.Actnprogram" time="2.888" errors="0" timestamp="2023-09-21T22:31:31 IST" skipped="0">
  <testcase classname="testng.Actnprogram" name="test1" time="2.888"/>
</testsuite> <!-- testng.Actnprogram -->
