<?xml version="1.0" encoding="UTF-8"?>
<!-- Generated by org.testng.reporters.JUnitReportReporter -->
<testsuite hostname="LAPTOP-BIEJCLNB" failures="0" tests="1" name="testng.Datepickerbooking$Datepicker" time="39.848" errors="0" timestamp="2023-09-29T13:18:34 IST" skipped="0">
  <testcase classname="testng.Datepickerbooking$Datepicker" name="testlogin" time="39.848"/>
</testsuite> <!-- testng.Datepickerbooking$Datepicker -->
