<?xml version="1.0" encoding="UTF-8"?>
<!-- Generated by org.testng.reporters.JUnitReportReporter -->
<testsuite hostname="LAPTOP-BIEJCLNB" failures="0" tests="1" name="testng.DataDrivenTest" time="17.627" errors="0" timestamp="2023-09-28T13:03:47 IST" skipped="0">
  <testcase classname="testng.DataDrivenTest" name="main" time="17.627"/>
</testsuite> <!-- testng.DataDrivenTest -->
