<?xml version="1.0" encoding="UTF-8"?>
<!-- Generated by org.testng.reporters.JUnitReportReporter -->
<testsuite hostname="LAPTOP-BIEJCLNB" failures="0" tests="1" name="testng.Notificationprgrm" time="3.209" errors="0" timestamp="2023-10-09T13:02:24 IST" skipped="0">
  <testcase classname="testng.Notificationprgrm" name="url" time="3.209"/>
</testsuite> <!-- testng.Notificationprgrm -->
