<?xml version="1.0" encoding="UTF-8"?>
<!-- Generated by org.testng.reporters.JUnitReportReporter -->
<testsuite hostname="LAPTOP-BIEJCLNB" failures="0" tests="1" name="test.Createpagetest" time="2.466" errors="0" timestamp="2023-10-05T12:30:13 IST" skipped="0">
  <testcase classname="test.Createpagetest" name="tsetlogin" time="2.466"/>
</testsuite> <!-- test.Createpagetest -->
