<?xml version="1.0" encoding="UTF-8"?>
<!-- Generated by org.testng.reporters.JUnitReportReporter -->
<testsuite hostname="LAPTOP-BIEJCLNB" failures="0" tests="1" name="test.FBtest" time="2.015" errors="0" timestamp="2023-10-11T19:47:06 IST" skipped="0">
  <testcase classname="test.FBtest" name="testlogin" time="2.015"/>
</testsuite> <!-- test.FBtest -->
