<?xml version="1.0" encoding="UTF-8"?>
<!-- Generated by org.testng.reporters.JUnitReportReporter -->
<testsuite hostname="LAPTOP-BIEJCLNB" failures="0" tests="3" name="testng.Crossbrswrtestng" time="6.434" errors="0" timestamp="2023-09-20T12:42:21 IST" skipped="0">
  <testcase classname="testng.Crossbrswrtestng" name="fb" time="1.805"/>
  <testcase classname="testng.Crossbrswrtestng" name="fb" time="1.759"/>
  <testcase classname="testng.Crossbrswrtestng" name="fb" time="2.870"/>
</testsuite> <!-- testng.Crossbrswrtestng -->
