<?xml version="1.0" encoding="UTF-8"?>
<!-- Generated by org.testng.reporters.JUnitReportReporter -->
<testsuite hostname="LAPTOP-BIEJCLNB" failures="0" tests="1" name="testng.DragNdrop" time="21.598" errors="0" timestamp="2023-09-23T21:49:18 IST" skipped="0">
  <testcase classname="testng.DragNdrop" name="test1" time="21.598"/>
</testsuite> <!-- testng.DragNdrop -->
