<?xml version="1.0" encoding="UTF-8"?>
<!-- Generated by org.testng.reporters.JUnitReportReporter -->
<testsuite hostname="LAPTOP-BIEJCLNB" failures="0" tests="5" name="testng.Testngdemo" time="0.042" errors="0" timestamp="2023-09-20T11:30:03 IST" skipped="1">
  <testcase classname="testng.Testngdemo" name="test3" time="0.006"/>
  <testcase classname="testng.Testngdemo" name="test1" time="0.022"/>
  <testcase classname="testng.Testngdemo" name="test1" time="0.004"/>
  <testcase classname="testng.Testngdemo" name="test1" time="0.010"/>
  <testcase classname="testng.Testngdemo" name="test2">
    <skipped/>
  </testcase> <!-- test2 -->
</testsuite> <!-- testng.Testngdemo -->
