<?xml version="1.0" encoding="UTF-8"?>
<!-- Generated by org.testng.reporters.JUnitReportReporter -->
<testsuite hostname="LAPTOP-BIEJCLNB" failures="0" tests="1" name="testng.Filerobotupload" time="4.253" errors="0" timestamp="2023-09-25T13:39:36 IST" skipped="0">
  <testcase classname="testng.Filerobotupload" name="test1" time="4.253"/>
</testsuite> <!-- testng.Filerobotupload -->
