<?xml version="1.0" encoding="UTF-8"?>
<!-- Generated by org.testng.reporters.JUnitReportReporter -->
<testsuite hostname="LAPTOP-BIEJCLNB" failures="0" tests="1" name="testng.Rightclickprogram" time="3.470" errors="0" timestamp="2023-09-21T13:13:16 IST" skipped="0">
  <testcase classname="testng.Rightclickprogram" name="test1" time="3.470"/>
</testsuite> <!-- testng.Rightclickprogram -->
