<?xml version="1.0" encoding="UTF-8"?>
<!-- Generated by org.testng.reporters.JUnitReportReporter -->
<testsuite hostname="LAPTOP-BIEJCLNB" failures="0" tests="1" name="testng.AssertionTask" time="0.924" errors="0" timestamp="2023-10-09T01:39:10 IST" skipped="0">
  <testcase classname="testng.AssertionTask" name="loginverification" time="0.924"/>
</testsuite> <!-- testng.AssertionTask -->
