<?xml version="1.0" encoding="UTF-8"?>
<!-- Generated by org.testng.reporters.JUnitReportReporter -->
<testsuite hostname="LAPTOP-BIEJCLNB" failures="0" tests="1" name="testng.DatadriventestTask" time="4.573" errors="0" timestamp="2023-10-07T16:59:26 IST" skipped="0">
  <testcase classname="testng.DatadriventestTask" name="mainmthd" time="4.573"/>
</testsuite> <!-- testng.DatadriventestTask -->
