<?xml version="1.0" encoding="UTF-8"?>
<!-- Generated by org.testng.reporters.JUnitReportReporter -->
<testsuite hostname="LAPTOP-BIEJCLNB" failures="0" tests="1" name="testng.Fileuploadpgm" time="5.585" errors="0" timestamp="2023-09-25T13:41:46 IST" skipped="0">
  <testcase classname="testng.Fileuploadpgm" name="test1" time="5.585"/>
</testsuite> <!-- testng.Fileuploadpgm -->
