<?xml version="1.0" encoding="UTF-8"?>
<!-- Generated by org.testng.reporters.JUnitReportReporter -->
<testsuite hostname="LAPTOP-BIEJCLNB" failures="0" tests="1" name="testpkg.Fbtest" time="3.074" errors="0" timestamp="2023-10-05T12:38:16 IST" skipped="0">
  <testcase classname="testpkg.Fbtest" name="verifyLoginWithValidCred" time="3.074"/>
</testsuite> <!-- testpkg.Fbtest -->
