<?xml version="1.0" encoding="UTF-8"?>
<!-- Generated by org.testng.reporters.JUnitReportReporter -->
<testsuite hostname="LAPTOP-BIEJCLNB" failures="0" tests="1" name="testng.Parametertest" time="0.015" errors="0" timestamp="2023-09-20T11:56:45 IST" skipped="0">
  <testcase classname="testng.Parametertest" name="main" time="0.015"/>
</testsuite> <!-- testng.Parametertest -->
