<?xml version="1.0" encoding="UTF-8"?>
<!-- Generated by org.testng.reporters.JUnitReportReporter -->
<testsuite hostname="LAPTOP-BIEJCLNB" failures="0" tests="1" name="testng.TohandleWindow" time="8.508" errors="0" timestamp="2023-09-26T13:06:34 IST" skipped="0">
  <testcase classname="testng.TohandleWindow" name="test1" time="8.508"/>
</testsuite> <!-- testng.TohandleWindow -->
