<?xml version="1.0" encoding="UTF-8"?>
<!-- Generated by org.testng.reporters.JUnitReportReporter -->
<testsuite hostname="LAPTOP-BIEJCLNB" failures="0" tests="1" name="testng.Amazonautomation" time="6.433" errors="0" timestamp="2023-09-27T21:21:28 IST" skipped="0">
  <testcase classname="testng.Amazonautomation" name="test1" time="6.433"/>
</testsuite> <!-- testng.Amazonautomation -->
