<?xml version="1.0" encoding="UTF-8"?>
<!-- Generated by org.testng.reporters.JUnitReportReporter -->
<testsuite hostname="LAPTOP-BIEJCLNB" failures="0" tests="1" name="testng.Mousehover" time="5.549" errors="0" timestamp="2023-09-25T10:11:13 IST" skipped="0">
  <testcase classname="testng.Mousehover" name="test1" time="5.549"/>
</testsuite> <!-- testng.Mousehover -->
