<?xml version="1.0" encoding="UTF-8"?>
<!-- Generated by org.testng.reporters.JUnitReportReporter -->
<testsuite hostname="LAPTOP-BIEJCLNB" failures="0" tests="1" name="testng.Scrolldownpgm" time="2.338" errors="0" timestamp="2023-09-25T12:20:32 IST" skipped="0">
  <testcase classname="testng.Scrolldownpgm" name="test1" time="2.338"/>
</testsuite> <!-- testng.Scrolldownpgm -->
