<?xml version="1.0" encoding="UTF-8"?>
<!-- Generated by org.testng.reporters.JUnitReportReporter -->
<testsuite hostname="LAPTOP-BIEJCLNB" failures="0" tests="1" name="test.Blazedemotest" time="8.958" errors="0" timestamp="2023-10-03T13:45:18 IST" skipped="0">
  <testcase classname="test.Blazedemotest" name="passvalues" time="8.958"/>
</testsuite> <!-- test.Blazedemotest -->
