<?xml version="1.0" encoding="UTF-8"?>
<!-- Generated by org.testng.reporters.JUnitReportReporter -->
<testsuite hostname="LAPTOP-BIEJCLNB" failures="0" tests="3" name="testng.TestNGgrouping" time="0.014" errors="0" timestamp="2023-09-25T10:36:51 IST" skipped="0">
  <testcase classname="testng.TestNGgrouping" name="main2" time="0.005"/>
  <testcase classname="testng.TestNGgrouping" name="main1" time="0.008"/>
  <testcase classname="testng.TestNGgrouping" name="main4" time="0.001"/>
</testsuite> <!-- testng.TestNGgrouping -->
