<?xml version="1.0" encoding="UTF-8"?>
<!-- Generated by org.testng.reporters.JUnitReportReporter -->
<testsuite hostname="LAPTOP-BIEJCLNB" failures="0" tests="3" name="testng.Crossbrowser" time="3.553" errors="0" timestamp="2023-09-20T13:17:10 IST" skipped="0">
  <testcase classname="testng.Crossbrowser" name="insta" time="1.512"/>
  <testcase classname="testng.Crossbrowser" name="insta" time="0.968"/>
  <testcase classname="testng.Crossbrowser" name="insta" time="1.073"/>
</testsuite> <!-- testng.Crossbrowser -->
